Arguments: 
  /usr/local/bin/node /usr/local/bin/yarn add @talentui/dll-webpack

PATH: 
  /opt/local/bin:/opt/local/sbin:/Users/beisen/bin:/usr/local/bin:/usr/local/bin:/usr/bin:/bin:/usr/sbin:/sbin:/opt/local/bin:/opt/local/sbin:/Users/beisen/bin

Yarn version: 
  1.1.0

Node version: 
  6.11.0

Platform: 
  darwin x64

npm manifest: 
  {
    "name": "@talent/dll-ethos",
    "version": "1.0.0",
    "main": "index.js",
    "license": "MIT"
  }

yarn manifest: 
  No manifest

Lockfile: 
  No lockfile

Trace: 
  Error: http://registry.npmjs.org/@talentui%2fdll-webpack: Not found
      at Request.params.callback [as _callback] (/usr/local/lib/node_modules/yarn/lib/cli.js:61779:18)
      at Request.self.callback (/usr/local/lib/node_modules/yarn/lib/cli.js:121917:22)
      at emitTwo (events.js:106:13)
      at Request.emit (events.js:191:7)
      at Request.<anonymous> (/usr/local/lib/node_modules/yarn/lib/cli.js:122900:10)
      at emitOne (events.js:96:13)
      at Request.emit (events.js:188:7)
      at IncomingMessage.<anonymous> (/usr/local/lib/node_modules/yarn/lib/cli.js:122820:12)
      at IncomingMessage.g (events.js:292:16)
      at emitNone (events.js:91:20)
